<?xml version="1.0" encoding="UTF-8"?>
<!-- Generated by org.testng.reporters.JUnitReportReporter -->
<testsuite hostname="INLTWS000025" failures="0" tests="1" name="com.ApertaWebApp_Automate.TestCases.TC_WebBalancerTest_004" time="0.000" errors="0" timestamp="2022-03-29T15:55:23 IST" skipped="1">
  <testcase classname="com.ApertaWebApp_Automate.TestCases.TC_WebBalancerTest_004" name="WBtest" time="0.000">
    <skipped/>
  </testcase> <!-- WBtest -->
  <system-out/>
</testsuite> <!-- com.ApertaWebApp_Automate.TestCases.TC_WebBalancerTest_004 -->
