<?xml version="1.0" encoding="UTF-8"?>
<!-- Generated by org.testng.reporters.JUnitReportReporter -->
<testsuite hostname="INLTWS000025" failures="0" tests="3" name="drivertest.test" time="0.020" errors="0" timestamp="2022-06-29T14:44:37 IST" skipped="0">
  <testcase classname="drivertest.test" name="method2" time="0.014"/>
  <system-out/>
  <testcase classname="drivertest.test" name="method2" time="0.002"/>
  <system-out/>
  <testcase classname="drivertest.test" name="method2" time="0.004"/>
  <system-out/>
</testsuite> <!-- drivertest.test -->
