<?xml version="1.0" encoding="UTF-8"?>
<!-- Generated by org.testng.reporters.JUnitReportReporter -->
<testsuite hostname="INLTWS000025" failures="0" tests="1" name="com.ApertaWebApp_Automate.TestCases.TC_DataEntryTest_003" time="5.110" errors="0" timestamp="2022-04-05T17:05:10 IST" skipped="0">
  <testcase classname="com.ApertaWebApp_Automate.TestCases.TC_DataEntryTest_003" name="DCBdataentry" time="5.110"/>
  <system-out/>
</testsuite> <!-- com.ApertaWebApp_Automate.TestCases.TC_DataEntryTest_003 -->
