<?xml version="1.0" encoding="UTF-8"?>
<!-- Generated by org.testng.reporters.JUnitReportReporter -->
<testsuite hostname="INLTWS000025" failures="0" tests="1" name="com.ApertaWebApp_Automate.TestCases.Main" time="1.024" errors="0" timestamp="2021-10-13T22:42:44 IST" skipped="0">
  <testcase classname="com.ApertaWebApp_Automate.TestCases.Main" name="fer" time="1.024"/>
  <system-out/>
</testsuite> <!-- com.ApertaWebApp_Automate.TestCases.Main -->
