<?xml version="1.0" encoding="UTF-8"?>
<!-- Generated by org.testng.reporters.JUnitReportReporter -->
<testsuite hostname="INLTWS000025" failures="0" tests="2" name="drivertest.Dptest" time="68.451" errors="0" timestamp="2022-07-02T00:18:56 IST" skipped="0">
  <testcase classname="drivertest.Dptest" name="method1" time="34.293"/>
  <system-out/>
  <testcase classname="drivertest.Dptest" name="method1" time="34.158"/>
  <system-out/>
</testsuite> <!-- drivertest.Dptest -->
