<?xml version="1.0" encoding="UTF-8"?>
<!-- Generated by org.testng.reporters.JUnitReportReporter -->
<testsuite hostname="INLTWS000025" failures="0" tests="2" name="com.ApertaWebApp_Automate.TestCases.TC_DCBTest_002" time="3.703" errors="1" timestamp="2021-11-19T16:54:24 IST" skipped="1">
  <testcase classname="com.ApertaWebApp_Automate.TestCases.TC_DCBTest_002" name="setup" time="3.703">
    <error message="session not created: This version of ChromeDriver only supports Chrome version 94
Current browser version is 96.0.4664.45 with binary path C:\Program Files (x86)\Google\Chrome\Application\chrome.exe
Build info: version: &#039;3.141.59&#039;, revision: &#039;e82be7d358&#039;, time: &#039;2018-11-14T08:17:03&#039;
System info: host: &#039;INLTWS000025&#039;, ip: &#039;192.168.1.102&#039;, os.name: &#039;Windows 10&#039;, os.arch: &#039;amd64&#039;, os.version: &#039;10.0&#039;, java.version: &#039;11.0.13&#039;
Driver info: driver.version: ChromeDriver
remote stacktrace: Backtrace:
	Ordinal0 [0x002ABDE3+2473443]
	Ordinal0 [0x00246661+2057825]
	Ordinal0 [0x00152438+1057848]
	Ordinal0 [0x0017054A+1181002]
	Ordinal0 [0x0016C435+1164341]
	Ordinal0 [0x00169CAF+1154223]
	Ordinal0 [0x00199ADF+1350367]
	Ordinal0 [0x0019974A+1349450]
	Ordinal0 [0x001955AB+1332651]
	Ordinal0 [0x00172104+1188100]
	Ordinal0 [0x00172F59+1191769]
	GetHandleVerifier [0x00432266+1549718]
	GetHandleVerifier [0x004DD4A7+2250711]
	GetHandleVerifier [0x0033718B+521403]
	GetHandleVerifier [0x00336229+517465]
	Ordinal0 [0x0024B79D+2078621]
	Ordinal0 [0x0024FB58+2095960]
	Ordinal0 [0x0024FC92+2096274]
	Ordinal0 [0x00259541+2135361]
	BaseThreadInitThunk [0x75950419+25]
	RtlGetAppContainerNamedObjectPath [0x7757662D+237]
	RtlGetAppContainerNamedObjectPath [0x775765FD+189]
	(No symbol) [0x00000000]
" type="org.openqa.selenium.SessionNotCreatedException">
      <![CDATA[org.openqa.selenium.SessionNotCreatedException: session not created: This version of ChromeDriver only supports Chrome version 94
Current browser version is 96.0.4664.45 with binary path C:\Program Files (x86)\Google\Chrome\Application\chrome.exe
Build info: version: '3.141.59', revision: 'e82be7d358', time: '2018-11-14T08:17:03'
System info: host: 'INLTWS000025', ip: '192.168.1.102', os.name: 'Windows 10', os.arch: 'amd64', os.version: '10.0', java.version: '11.0.13'
Driver info: driver.version: ChromeDriver
remote stacktrace: Backtrace:
Ordinal0 [0x002ABDE3+2473443]
Ordinal0 [0x00246661+2057825]
Ordinal0 [0x00152438+1057848]
Ordinal0 [0x0017054A+1181002]
Ordinal0 [0x0016C435+1164341]
Ordinal0 [0x00169CAF+1154223]
Ordinal0 [0x00199ADF+1350367]
Ordinal0 [0x0019974A+1349450]
Ordinal0 [0x001955AB+1332651]
Ordinal0 [0x00172104+1188100]
Ordinal0 [0x00172F59+1191769]
GetHandleVerifier [0x00432266+1549718]
GetHandleVerifier [0x004DD4A7+2250711]
GetHandleVerifier [0x0033718B+521403]
GetHandleVerifier [0x00336229+517465]
Ordinal0 [0x0024B79D+2078621]
Ordinal0 [0x0024FB58+2095960]
Ordinal0 [0x0024FC92+2096274]
Ordinal0 [0x00259541+2135361]
BaseThreadInitThunk [0x75950419+25]
RtlGetAppContainerNamedObjectPath [0x7757662D+237]
RtlGetAppContainerNamedObjectPath [0x775765FD+189]
(No symbol) [0x00000000]

at java.base/jdk.internal.reflect.NativeConstructorAccessorImpl.newInstance0(Native Method)
at java.base/jdk.internal.reflect.NativeConstructorAccessorImpl.newInstance(NativeConstructorAccessorImpl.java:62)
at java.base/jdk.internal.reflect.DelegatingConstructorAccessorImpl.newInstance(DelegatingConstructorAccessorImpl.java:45)
at java.base/java.lang.reflect.Constructor.newInstance(Constructor.java:490)
at org.openqa.selenium.remote.W3CHandshakeResponse.lambda$errorHandler$0(W3CHandshakeResponse.java:62)
at org.openqa.selenium.remote.HandshakeResponse.lambda$getResponseFunction$0(HandshakeResponse.java:30)
at org.openqa.selenium.remote.ProtocolHandshake.lambda$createSession$0(ProtocolHandshake.java:126)
at java.base/java.util.stream.ReferencePipeline$3$1.accept(ReferencePipeline.java:195)
at java.base/java.util.Spliterators$ArraySpliterator.tryAdvance(Spliterators.java:958)
at java.base/java.util.stream.ReferencePipeline.forEachWithCancel(ReferencePipeline.java:127)
at java.base/java.util.stream.AbstractPipeline.copyIntoWithCancel(AbstractPipeline.java:502)
at java.base/java.util.stream.AbstractPipeline.copyInto(AbstractPipeline.java:488)
at java.base/java.util.stream.AbstractPipeline.wrapAndCopyInto(AbstractPipeline.java:474)
at java.base/java.util.stream.FindOps$FindOp.evaluateSequential(FindOps.java:150)
at java.base/java.util.stream.AbstractPipeline.evaluate(AbstractPipeline.java:234)
at java.base/java.util.stream.ReferencePipeline.findFirst(ReferencePipeline.java:543)
at org.openqa.selenium.remote.ProtocolHandshake.createSession(ProtocolHandshake.java:128)
at org.openqa.selenium.remote.ProtocolHandshake.createSession(ProtocolHandshake.java:74)
at org.openqa.selenium.remote.HttpCommandExecutor.execute(HttpCommandExecutor.java:136)
at org.openqa.selenium.remote.service.DriverCommandExecutor.execute(DriverCommandExecutor.java:83)
at org.openqa.selenium.remote.RemoteWebDriver.execute(RemoteWebDriver.java:552)
at org.openqa.selenium.remote.RemoteWebDriver.startSession(RemoteWebDriver.java:213)
at org.openqa.selenium.remote.RemoteWebDriver.<init>(RemoteWebDriver.java:131)
at org.openqa.selenium.chrome.ChromeDriver.<init>(ChromeDriver.java:181)
at org.openqa.selenium.chrome.ChromeDriver.<init>(ChromeDriver.java:168)
at org.openqa.selenium.chrome.ChromeDriver.<init>(ChromeDriver.java:157)
at com.ApertaWebApp_Automate.TestCases.BaseClass.setup(BaseClass.java:49)
at java.base/jdk.internal.reflect.NativeMethodAccessorImpl.invoke0(Native Method)
at java.base/jdk.internal.reflect.NativeMethodAccessorImpl.invoke(NativeMethodAccessorImpl.java:62)
at java.base/jdk.internal.reflect.DelegatingMethodAccessorImpl.invoke(DelegatingMethodAccessorImpl.java:43)
at java.base/java.lang.reflect.Method.invoke(Method.java:566)
at org.testng.internal.MethodInvocationHelper.invokeMethod(MethodInvocationHelper.java:133)
at org.testng.internal.MethodInvocationHelper.invokeMethodConsideringTimeout(MethodInvocationHelper.java:62)
at org.testng.internal.ConfigInvoker.invokeConfigurationMethod(ConfigInvoker.java:385)
at org.testng.internal.ConfigInvoker.invokeConfigurations(ConfigInvoker.java:321)
at org.testng.SuiteRunner.privateRun(SuiteRunner.java:317)
at org.testng.SuiteRunner.run(SuiteRunner.java:276)
at org.testng.SuiteRunnerWorker.runSuite(SuiteRunnerWorker.java:53)
at org.testng.SuiteRunnerWorker.run(SuiteRunnerWorker.java:96)
at org.testng.TestNG.runSuitesSequentially(TestNG.java:1212)
at org.testng.TestNG.runSuitesLocally(TestNG.java:1134)
at org.testng.TestNG.runSuites(TestNG.java:1063)
at org.testng.TestNG.run(TestNG.java:1031)
at org.testng.remote.AbstractRemoteTestNG.run(AbstractRemoteTestNG.java:115)
at org.testng.remote.RemoteTestNG.initAndRun(RemoteTestNG.java:251)
at org.testng.remote.RemoteTestNG.main(RemoteTestNG.java:77)
]]>
    </error>
  </testcase> <!-- setup -->
  <system-out/>
  <testcase classname="com.ApertaWebApp_Automate.TestCases.TC_DCBTest_002" name="DCB" time="0.000">
    <skipped/>
  </testcase> <!-- DCB -->
  <system-out/>
</testsuite> <!-- com.ApertaWebApp_Automate.TestCases.TC_DCBTest_002 -->
