<?xml version="1.0" encoding="UTF-8"?>
<!-- Generated by org.testng.reporters.JUnitReportReporter -->
<testsuite hostname="INLTWS000025" failures="0" tests="1" name="com.ApertaWebApp_Automate.TestCases.TC_SupervisorTest_005" time="3.572" errors="0" timestamp="2022-04-05T15:59:55 IST" skipped="0">
  <testcase classname="com.ApertaWebApp_Automate.TestCases.TC_SupervisorTest_005" name="superTest" time="3.572"/>
  <system-out/>
</testsuite> <!-- com.ApertaWebApp_Automate.TestCases.TC_SupervisorTest_005 -->
