<?xml version="1.0" encoding="UTF-8"?>
<!-- Generated by org.testng.reporters.JUnitReportReporter -->
<testsuite hostname="INLTWS000025" failures="0" tests="1" name="BrokenlinkTest.broklinkTest" time="11.454" errors="0" timestamp="2022-08-10T07:38:28 IST" skipped="0">
  <testcase classname="BrokenlinkTest.broklinkTest" name="methodbroketest" time="11.454"/>
  <system-out/>
</testsuite> <!-- BrokenlinkTest.broklinkTest -->
