<?xml version="1.0" encoding="UTF-8"?>
<!-- Generated by org.testng.reporters.JUnitReportReporter -->
<testsuite hostname="INLTWS000025" failures="0" tests="2" name="TestNG_order" time="0.015" errors="0" timestamp="2022-08-09T16:56:48 IST" skipped="0">
  <testcase classname="TestNG_order" name="m6" time="0.005"/>
  <system-out/>
  <testcase classname="TestNG_order" name="m5" time="0.010"/>
  <system-out/>
</testsuite> <!-- TestNG_order -->
