<?xml version="1.0" encoding="UTF-8"?>
<!-- Generated by org.testng.reporters.JUnitReportReporter -->
<testsuite hostname="INLTWS000025" failures="0" tests="1" name="com.ApertaWebApp_Automate.TestCases.TC_WebBalancerTest_004" time="18.810" errors="0" timestamp="2022-03-29T16:02:56 IST" skipped="0">
  <testcase classname="com.ApertaWebApp_Automate.TestCases.TC_WebBalancerTest_004" name="WBtest" time="18.810"/>
  <system-out/>
</testsuite> <!-- com.ApertaWebApp_Automate.TestCases.TC_WebBalancerTest_004 -->
