<?xml version="1.0" encoding="UTF-8"?>
<!-- Generated by org.testng.reporters.JUnitReportReporter -->
<testsuite hostname="INLTWS000025" failures="0" tests="1" name="com.ApertaWebApp_Automate.TestCases.TC_LoginTest_001" time="1.745" errors="0" timestamp="2021-11-19T19:25:28 IST" skipped="0">
  <testcase classname="com.ApertaWebApp_Automate.TestCases.TC_LoginTest_001" name="LoginTest" time="1.745"/>
  <system-out/>
</testsuite> <!-- com.ApertaWebApp_Automate.TestCases.TC_LoginTest_001 -->
