<?xml version="1.0" encoding="UTF-8"?>
<!-- Generated by org.testng.reporters.JUnitReportReporter -->
<testsuite hostname="INLTWS000025" failures="0" tests="1" name="com.ApertaWebApp_Automate.TestCases.TC_LoginTest_001" time="2.656" errors="0" timestamp="2022-01-21T23:18:47 IST" skipped="0">
  <testcase classname="com.ApertaWebApp_Automate.TestCases.TC_LoginTest_001" name="LoginTest" time="2.656"/>
  <system-out/>
</testsuite> <!-- com.ApertaWebApp_Automate.TestCases.TC_LoginTest_001 -->
