<?xml version="1.0" encoding="UTF-8"?>
<!-- Generated by org.testng.reporters.JUnitReportReporter -->
<testsuite hostname="INLTWS000025" failures="0" tests="1" name="com.ApertaWebApp_Automate.TestCases.TC_WebBalancerTest_004" time="8.104" errors="0" timestamp="2022-01-21T23:18:47 IST" skipped="0">
  <testcase classname="com.ApertaWebApp_Automate.TestCases.TC_WebBalancerTest_004" name="WBtest" time="8.104"/>
  <system-out/>
</testsuite> <!-- com.ApertaWebApp_Automate.TestCases.TC_WebBalancerTest_004 -->
