<?xml version="1.0" encoding="UTF-8"?>
<!-- Generated by org.testng.reporters.JUnitReportReporter -->
<testsuite hostname="INLTWS000025" failures="0" tests="1" name="drivertest.BrokenLinks" time="0.013" errors="0" timestamp="2022-07-05T15:51:49 IST" skipped="0">
  <testcase classname="drivertest.BrokenLinks" name="test" time="0.013"/>
  <system-out/>
</testsuite> <!-- drivertest.BrokenLinks -->
