<?xml version="1.0" encoding="UTF-8"?>
<!-- Generated by org.testng.reporters.JUnitReportReporter -->
<testsuite hostname="INLTWS000025" failures="0" tests="1" name="TestNGdriverProvider.test" time="0.025" errors="0" timestamp="2022-07-08T17:11:43 IST" skipped="0">
  <testcase classname="TestNGdriverProvider.test" name="method" time="0.025"/>
  <system-out/>
</testsuite> <!-- TestNGdriverProvider.test -->
