<?xml version="1.0" encoding="UTF-8"?>
<!-- Generated by org.testng.reporters.JUnitReportReporter -->
<testsuite hostname="INLTWS000025" failures="0" tests="3" name="drivertest.datatest" time="27.467" errors="0" timestamp="2022-07-07T20:40:39 IST" skipped="0">
  <testcase classname="drivertest.datatest" name="method1" time="8.491"/>
  <system-out/>
  <testcase classname="drivertest.datatest" name="method1" time="8.889"/>
  <system-out/>
  <testcase classname="drivertest.datatest" name="method1" time="10.087"/>
  <system-out/>
</testsuite> <!-- drivertest.datatest -->
