<?xml version="1.0" encoding="UTF-8"?>
<!-- Generated by org.testng.reporters.JUnitReportReporter -->
<testsuite hostname="INLTWS000025" failures="0" tests="1" name="com.ApertaWebApp_Automate.TestCases.TC_LoginTest_001" time="5.682" errors="0" timestamp="2021-11-12T22:14:58 IST" skipped="0">
  <testcase classname="com.ApertaWebApp_Automate.TestCases.TC_LoginTest_001" name="LoginTest" time="5.682"/>
  <system-out/>
</testsuite> <!-- com.ApertaWebApp_Automate.TestCases.TC_LoginTest_001 -->
