<?xml version="1.0" encoding="UTF-8"?>
<!-- Generated by org.testng.reporters.JUnitReportReporter -->
<testsuite hostname="INLTWS000025" failures="0" tests="1" name="JavaCollections.collect" time="0.027" errors="0" timestamp="2022-07-08T11:02:44 IST" skipped="0">
  <testcase classname="JavaCollections.collect" name="methodcollect" time="0.027"/>
  <system-out/>
</testsuite> <!-- JavaCollections.collect -->
