<?xml version="1.0" encoding="UTF-8"?>
<!-- Generated by org.testng.reporters.JUnitReportReporter -->
<testsuite hostname="INLTWS000025" failures="0" tests="1" name="com.ApertaWebApp_Automate.TestCases.TC_DCBTest_002" time="5.167" errors="0" timestamp="2022-01-21T18:39:11 IST" skipped="0">
  <testcase classname="com.ApertaWebApp_Automate.TestCases.TC_DCBTest_002" name="DCB" time="5.167"/>
  <system-out/>
</testsuite> <!-- com.ApertaWebApp_Automate.TestCases.TC_DCBTest_002 -->
