<?xml version="1.0" encoding="UTF-8"?>
<!-- Generated by org.testng.reporters.JUnitXMLReporter -->
<testsuite ignored="0" hostname="INLTWS000025" failures="0" tests="1" name="Test-WebBalancer" time="8.107" errors="0" timestamp="2022-01-21T23:18:47 IST">
  <testcase classname="com.ApertaWebApp_Automate.TestCases.TC_WebBalancerTest_004" name="WBtest" time="8.104"/>
</testsuite> <!-- Test-WebBalancer -->
