<?xml version="1.0" encoding="UTF-8"?>
<!-- Generated by org.testng.reporters.JUnitXMLReporter -->
<testsuite ignored="0" hostname="INLTWS000025" failures="0" tests="1" name="Test-DataEntry" time="8.274" errors="0" timestamp="2022-01-21T23:18:39 IST">
  <testcase classname="com.ApertaWebApp_Automate.TestCases.TC_DataEntryTest_003" name="DCBdataentry" time="8.27"/>
</testsuite> <!-- Test-DataEntry -->
