<?xml version="1.0" encoding="UTF-8"?>
<!-- Generated by org.testng.reporters.JUnitXMLReporter -->
<testsuite ignored="0" hostname="INLTWS000025" failures="0" tests="1" name="Test-launchpad" time="5.747" errors="0" timestamp="2021-11-12T22:14:26 IST">
  <testcase classname="com.ApertaWebApp_Automate.TestCases.TC_LoginTest_001" name="LoginTest" time="5.682"/>
</testsuite> <!-- Test-launchpad -->
