<?xml version="1.0" encoding="UTF-8"?>
<!-- Generated by org.testng.reporters.JUnitXMLReporter -->
<testsuite ignored="0" hostname="INLTWS000025" failures="0" tests="1" name="Test-launchpad" time="1.481" errors="0" timestamp="2022-01-21T13:18:28 IST">
  <testcase classname="com.ApertaWebApp_Automate.TestCases.TC_LoginTest_001" name="LoginTest" time="1.413"/>
</testsuite> <!-- Test-launchpad -->
