<?xml version="1.0" encoding="UTF-8"?>
<!-- Generated by org.testng.reporters.JUnitXMLReporter -->
<testsuite ignored="0" hostname="INLTWS000025" failures="0" tests="1" name="Test-DCB" time="5.527" errors="0" timestamp="2022-01-21T23:18:30 IST">
  <testcase classname="com.ApertaWebApp_Automate.TestCases.TC_DCBTest_002" name="DCB" time="5.522"/>
</testsuite> <!-- Test-DCB -->
