<?xml version="1.0" encoding="UTF-8"?>
<!-- Generated by org.testng.reporters.JUnitXMLReporter -->
<testsuite ignored="0" hostname="INLTWS000025" failures="0" tests="1" name="Test-launchpad" time="4.625" errors="0" timestamp="2021-11-09T21:48:53 IST">
  <testcase classname="com.ApertaWebApp_Automate.TestCases.TC_LoginTest_001" name="LoginTest" time="4.568"/>
</testsuite> <!-- Test-launchpad -->
