<?xml version="1.0" encoding="UTF-8"?>
<!-- Generated by org.testng.reporters.JUnitXMLReporter -->
<testsuite ignored="0" hostname="INLTWS000025" failures="1" tests="1" name="Test-DCB" time="3.398" errors="0" timestamp="2022-01-23T21:05:22 IST">
  <testcase classname="com.ApertaWebApp_Automate.TestCases.BaseClass" name="@AfterMethod onFinish" time="0.0">
    <failure type="java.lang.NullPointerException">
      <![CDATA[java.lang.NullPointerException
at com.ApertaWebApp_Automate.TestCases.BaseClass.onFinish(BaseClass.java:136)
at java.base/java.util.ArrayList.forEach(ArrayList.java:1541)
... Removed 32 stack frames]]>
    </failure>
  </testcase> <!-- @AfterMethod onFinish -->
  <testcase classname="com.ApertaWebApp_Automate.TestCases.TC_DCBTest_002" name="DCB" time="3.382">
    <failure type="java.lang.NullPointerException">
      <![CDATA[java.lang.NullPointerException
at com.ApertaWebApp_Automate.TestCases.TC_DCBTest_002.dcbtitlevalidation(TC_DCBTest_002.java:40)
at com.ApertaWebApp_Automate.TestCases.TC_DCBTest_002.DCB(TC_DCBTest_002.java:103)
at java.base/java.util.ArrayList.forEach(ArrayList.java:1541)
... Removed 27 stack frames]]>
    </failure>
  </testcase> <!-- DCB -->
</testsuite> <!-- Test-DCB -->
