<?xml version="1.0" encoding="UTF-8"?>
<!-- Generated by org.testng.reporters.JUnitXMLReporter -->
<testsuite ignored="0" hostname="INLTWS000025" failures="0" tests="1" name="Test-launchpad" time="2.431" errors="0" timestamp="2022-01-23T21:05:19 IST">
  <testcase classname="com.ApertaWebApp_Automate.TestCases.BaseClass" name="@AfterMethod onFinish" time="0.001">
    <failure type="java.lang.NullPointerException">
      <![CDATA[java.lang.NullPointerException
at com.ApertaWebApp_Automate.TestCases.BaseClass.onFinish(BaseClass.java:136)
at java.base/java.util.ArrayList.forEach(ArrayList.java:1541)
... Removed 32 stack frames]]>
    </failure>
  </testcase> <!-- @AfterMethod onFinish -->
  <testcase classname="com.ApertaWebApp_Automate.TestCases.TC_LoginTest_001" name="LoginTest" time="2.313"/>
</testsuite> <!-- Test-launchpad -->
