<?xml version="1.0" encoding="UTF-8"?>
<!-- Generated by org.testng.reporters.JUnitXMLReporter -->
<testsuite ignored="0" hostname="INLTWS000025" failures="0" tests="1" name="Test-launchpad" time="2.372" errors="0" timestamp="2022-01-21T18:39:06 IST">
  <testcase classname="com.ApertaWebApp_Automate.TestCases.TC_LoginTest_001" name="LoginTest" time="2.292"/>
</testsuite> <!-- Test-launchpad -->
